make: Nothing to be done for 'datagen'.
make: Nothing to be done for 'test'.
Running test for directory 0
Solution is correct
Running test for directory 1
Solution is NOT correct
Running test for directory 2
Solution is correct
Running test for directory 3
Solution is correct
Running test for directory 4
Solution is correct
Running test for directory 5
Solution is correct
Running test for directory 6
Solution is correct
Running test for directory 7
Solution is correct
Running test for directory 8
Solution is correct
Running test for directory 9
Solution is correct
